<testsuites id="" name="" tests="31" failures="0" skipped="0" errors="0" time="51.836887">
<testsuite name="01-login.spec.ts" timestamp="2025-11-20T01:41:05.453Z" hostname="chromium" tests="5" failures="0" skipped="0" time="3.822" errors="0">
<testcase name="Login Page › should display login form" classname="01-login.spec.ts" time="0.532">
</testcase>
<testcase name="Login Page › should show validation for empty fields" classname="01-login.spec.ts" time="0.39">
</testcase>
<testcase name="Login Page › should successfully login with any credentials (mock)" classname="01-login.spec.ts" time="1.239">
</testcase>
<testcase name="Login Page › should navigate to dashboard with specific username" classname="01-login.spec.ts" time="1.201">
</testcase>
<testcase name="Login Page › should have responsive design" classname="01-login.spec.ts" time="0.46">
</testcase>
</testsuite>
<testsuite name="02-dashboard.spec.ts" timestamp="2025-11-20T01:41:05.453Z" hostname="chromium" tests="10" failures="0" skipped="0" time="12.158" errors="0">
<testcase name="Dashboard Page › should display dashboard with statistics" classname="02-dashboard.spec.ts" time="1.175">
</testcase>
<testcase name="Dashboard Page › should display mock statistics numbers" classname="02-dashboard.spec.ts" time="1.234">
</testcase>
<testcase name="Dashboard Page › should display recent test results" classname="02-dashboard.spec.ts" time="1.237">
</testcase>
<testcase name="Dashboard Page › should show agent activity section" classname="02-dashboard.spec.ts" time="1.192">
</testcase>
<testcase name="Dashboard Page › should have functional header with user info" classname="02-dashboard.spec.ts" time="1.221">
</testcase>
<testcase name="Dashboard Page › should have functional sidebar navigation" classname="02-dashboard.spec.ts" time="1.173">
</testcase>
<testcase name="Dashboard Page › should navigate to Tests page from sidebar" classname="02-dashboard.spec.ts" time="1.276">
</testcase>
<testcase name="Dashboard Page › should navigate to Knowledge Base page from sidebar" classname="02-dashboard.spec.ts" time="1.288">
</testcase>
<testcase name="Dashboard Page › should navigate to Settings page from sidebar" classname="02-dashboard.spec.ts" time="1.245">
</testcase>
<testcase name="Dashboard Page › should be responsive on mobile" classname="02-dashboard.spec.ts" time="1.117">
</testcase>
</testsuite>
<testsuite name="03-tests-page.spec.ts" timestamp="2025-11-20T01:41:05.453Z" hostname="chromium" tests="8" failures="0" skipped="0" time="24.545" errors="0">
<testcase name="Tests Page › should display tests page with header" classname="03-tests-page.spec.ts" time="1.274">
</testcase>
<testcase name="Tests Page › should display test generation form initially" classname="03-tests-page.spec.ts" time="1.261">
</testcase>
<testcase name="Tests Page › should disable generate button when prompt is empty" classname="03-tests-page.spec.ts" time="1.227">
</testcase>
<testcase name="Tests Page › should generate test cases from natural language" classname="03-tests-page.spec.ts" time="4.158">
</testcase>
<testcase name="Tests Page › should display test case cards with all details" classname="03-tests-page.spec.ts" time="4.139">
</testcase>
<testcase name="Tests Page › should show save, edit, and delete buttons on generated tests" classname="03-tests-page.spec.ts" time="4.151">
</testcase>
<testcase name="Tests Page › should allow generating more tests after viewing results" classname="03-tests-page.spec.ts" time="4.156">
</testcase>
<testcase name="Tests Page › should display &quot;Generate New Tests&quot; button when viewing existing tests" classname="03-tests-page.spec.ts" time="4.179">
</testcase>
</testsuite>
<testsuite name="04-knowledge-base.spec.ts" timestamp="2025-11-20T01:41:05.453Z" hostname="chromium" tests="1" failures="0" skipped="0" time="1.475" errors="0">
<testcase name="Knowledge Base Page › should navigate back to dashboard" classname="04-knowledge-base.spec.ts" time="1.475">
</testcase>
</testsuite>
<testsuite name="05-settings.spec.ts" timestamp="2025-11-20T01:41:05.453Z" hostname="chromium" tests="1" failures="0" skipped="0" time="1.421" errors="0">
<testcase name="Settings Page › should navigate back to dashboard" classname="05-settings.spec.ts" time="1.421">
</testcase>
</testsuite>
<testsuite name="06-navigation.spec.ts" timestamp="2025-11-20T01:41:05.453Z" hostname="chromium" tests="1" failures="0" skipped="0" time="1.033" errors="0">
<testcase name="Application Navigation › should redirect from root to login when not authenticated" classname="06-navigation.spec.ts" time="1.033">
</testcase>
</testsuite>
<testsuite name="07-sprint2-features.spec.ts" timestamp="2025-11-20T01:41:05.453Z" hostname="chromium" tests="5" failures="0" skipped="0" time="5.999" errors="0">
<testcase name="Sprint 2: Dashboard Charts › should display test trends chart" classname="07-sprint2-features.spec.ts" time="1.209">
</testcase>
<testcase name="Sprint 2: Dashboard Charts › should display test status pie chart" classname="07-sprint2-features.spec.ts" time="1.242">
</testcase>
<testcase name="Sprint 2: Dashboard Charts › should display chart legends" classname="07-sprint2-features.spec.ts" time="1.218">
</testcase>
<testcase name="Sprint 2: Dashboard Charts › should display pie chart color legend" classname="07-sprint2-features.spec.ts" time="1.165">
</testcase>
<testcase name="Sprint 2: Dashboard Charts › should maintain charts on mobile viewport" classname="07-sprint2-features.spec.ts" time="1.165">
</testcase>
</testsuite>
</testsuites>