<testsuites id="" name="" tests="17" failures="0" skipped="0" errors="0" time="6.509811">
<testsuite name="08-sprint3-executions.spec.ts" timestamp="2025-11-26T02:24:54.811Z" hostname="chromium" tests="17" failures="0" skipped="0" time="28.058" errors="0">
<testcase name="Sprint 3 - Test Execution Features › should show Executions link in sidebar" classname="08-sprint3-executions.spec.ts" time="1.749">
</testcase>
<testcase name="Sprint 3 - Test Execution Features › should navigate to execution history page" classname="08-sprint3-executions.spec.ts" time="1.894">
</testcase>
<testcase name="Sprint 3 - Test Execution Features › should display execution history table" classname="08-sprint3-executions.spec.ts" time="1.622">
</testcase>
<testcase name="Sprint 3 - Test Execution Features › should filter executions by status" classname="08-sprint3-executions.spec.ts" time="2.076">
</testcase>
<testcase name="Sprint 3 - Test Execution Features › should filter executions by result" classname="08-sprint3-executions.spec.ts" time="2.179">
</testcase>
<testcase name="Sprint 3 - Test Execution Features › should have refresh button" classname="08-sprint3-executions.spec.ts" time="2.088">
</testcase>
<testcase name="Sprint 3 - Test Execution Features › should navigate to execution detail page when clicking a row" classname="08-sprint3-executions.spec.ts" time="1.387">
</testcase>
<testcase name="Sprint 3 - Test Execution Features › should show execution progress page with correct elements" classname="08-sprint3-executions.spec.ts" time="1.255">
</testcase>
<testcase name="Sprint 3 - Test Execution Features › should have back button on execution detail page" classname="08-sprint3-executions.spec.ts" time="1.38">
</testcase>
<testcase name="Sprint 3 - Test Execution Features › should show execution overview card with stats" classname="08-sprint3-executions.spec.ts" time="2.257">
</testcase>
<testcase name="Sprint 3 - Test Execution Features › should display test steps if execution exists" classname="08-sprint3-executions.spec.ts" time="2.303">
</testcase>
<testcase name="Sprint 3 - Test Execution Features › should show queue status widget on tests page" classname="08-sprint3-executions.spec.ts" time="1.252">
</testcase>
<testcase name="Sprint 3 - Test Execution Features › should display execution status badges correctly" classname="08-sprint3-executions.spec.ts" time="1.237">
</testcase>
<testcase name="Sprint 3 - Test Execution Features › should handle empty execution list gracefully" classname="08-sprint3-executions.spec.ts" time="1.253">
</testcase>
<testcase name="Sprint 3 - Test Execution Features › should show delete button for executions" classname="08-sprint3-executions.spec.ts" time="1.341">
</testcase>
<testcase name="Sprint 3 - Test Execution Features › should navigate between pages using sidebar" classname="08-sprint3-executions.spec.ts" time="1.558">
</testcase>
<testcase name="Sprint 3 - Test Execution Features › should maintain active nav state on executions page" classname="08-sprint3-executions.spec.ts" time="1.227">
</testcase>
</testsuite>
</testsuites>